Change Component Designator: Old Designator=B1 New Designator=B?
Change Component Designator: Old Designator=B2 New Designator=B?
Change Component Designator: Old Designator=C0 New Designator=C?
Change Component Designator: Old Designator=C1 New Designator=C?
Change Component Designator: Old Designator=C2 New Designator=C?
Change Component Designator: Old Designator=C3 New Designator=C?
Change Component Designator: Old Designator=C4 New Designator=C?
Change Component Designator: Old Designator=C5 New Designator=C?
Change Component Designator: Old Designator=C6 New Designator=C?
Change Component Designator: Old Designator=C7 New Designator=C?
Change Component Designator: Old Designator=C8 New Designator=C?
Change Component Designator: Old Designator=C9 New Designator=C?
Change Component Designator: Old Designator=C10 New Designator=C?
Change Component Designator: Old Designator=C11 New Designator=C?
Change Component Designator: Old Designator=C12 New Designator=C?
Change Component Designator: Old Designator=C12 New Designator=C?
Change Component Designator: Old Designator=C13 New Designator=C?
Change Component Designator: Old Designator=C13 New Designator=C?
Change Component Designator: Old Designator=C14 New Designator=C?
Change Component Designator: Old Designator=C14 New Designator=C?
Change Component Designator: Old Designator=D2 New Designator=D?
Change Component Designator: Old Designator=D3 New Designator=D?
Change Component Designator: Old Designator=D4 New Designator=D?
Change Component Designator: Old Designator=D5 New Designator=D?
Change Component Designator: Old Designator=D6 New Designator=D?
Change Component Designator: Old Designator=HBD1 New Designator=HBD?
Change Component Designator: Old Designator=HBD2 New Designator=HBD?
Change Component Designator: Old Designator=HBD3 New Designator=HBD?
Change Component Designator: Old Designator=HBD4 New Designator=HBD?
Change Component Designator: Old Designator=LM1117-3.3 New Designator=LM?
Change Component Designator: Old Designator=LM1117-5 New Designator=LM?
Change Component Designator: Old Designator=NMOS1 New Designator=NMOS?
Change Component Designator: Old Designator=NMOS2 New Designator=NMOS?
Change Component Designator: Old Designator=NMOS2 New Designator=NMOS?
Change Component Designator: Old Designator=NMOS3 New Designator=NMOS?
Change Component Designator: Old Designator=NMOS3 New Designator=NMOS?
Change Component Designator: Old Designator=NMOS4 New Designator=NMOS?
Change Component Designator: Old Designator=NMOS4 New Designator=NMOS?
Change Component Designator: Old Designator=NMOS5 New Designator=NMOS?
Change Component Designator: Old Designator=P2 New Designator=P?
Change Component Designator: Old Designator=R1 New Designator=R?
Change Component Designator: Old Designator=R2 New Designator=R?
Change Component Designator: Old Designator=R3 New Designator=R?
Change Component Designator: Old Designator=R3 New Designator=R?
Change Component Designator: Old Designator=R4 New Designator=R?
Change Component Designator: Old Designator=R4 New Designator=R?
Change Component Designator: Old Designator=R5 New Designator=R?
Change Component Designator: Old Designator=R5 New Designator=R?
Change Component Designator: Old Designator=R6 New Designator=R?
Change Component Designator: Old Designator=S1 New Designator=S?
Change Component Designator: Old Designator=U1 New Designator=U?
