Removed Pin From Net: NetName=3.3V Pin=C9-1
Removed Pin From Net: NetName=USB_D- Pin=P2-2
Removed Pin From Net: NetName=USB_D+ Pin=P2-3
Removed Pin From Net: NetName=3.3V Pin=U1-20
Change Component Footprint: Designator=U2 Old Footprint=STM-LQFP144_N New Footprint=STM-LQFP144_M
Change Component Footprint: Designator=S2 Old Footprint=SW-2 New Footprint=SW-2-6*3
Change Component Footprint: Designator=S3 Old Footprint=SW-2 New Footprint=SW-2-6*3
Change Component Footprint: Designator=S4 Old Footprint=SW-2 New Footprint=SW-2-6*3
Change Component Footprint: Designator=S5 Old Footprint=SW-2 New Footprint=SW-2-6*3
Change Component Footprint: Designator=S6 Old Footprint=SW-2 New Footprint=SW-2-6*3
Change Component Comment : Designator=U1 Old Comment=74lvc245 New Comment=74HCT245D
Added Component: Designator=R19(R-0603)
Added Component: Designator=R20(R-0603)
Added Pin To Net: NetName=5V Pin=C9-1
Added Pin To Net: NetName=USB_D+ Pin=R19-1
Added Pin To Net: NetName=USB_D- Pin=R20-1
Added Pin To Net: NetName=5V Pin=U1-20
Added Pin To Net: NetName=NetP2_2 Pin=P2-2
Added Pin To Net: NetName=NetP2_2 Pin=R20-2
Added Net: Name=NetP2_2
Added Pin To Net: NetName=NetP2_3 Pin=P2-3
Added Pin To Net: NetName=NetP2_3 Pin=R19-2
Added Net: Name=NetP2_3
Added Member To Class: ClassName=main Member=Component R19 Res2
Added Member To Class: ClassName=main Member=Component R20 Res2
