Replace Part C0 Cap Pol1 in C:\Users\ALEX.DON.SCOFIELD\Desktop\main_board\main_board\main.SchDoc with Cap Pol1 from Miscellaneous Devices.IntLib
Replace Part C1 Cap Semi in C:\Users\ALEX.DON.SCOFIELD\Desktop\main_board\main_board\main.SchDoc with Cap Semi from Miscellaneous Devices.IntLib
Replace Part C2 Cap Semi in C:\Users\ALEX.DON.SCOFIELD\Desktop\main_board\main_board\main.SchDoc with Cap Semi from Miscellaneous Devices.IntLib
Replace Part C3 Cap Semi in C:\Users\ALEX.DON.SCOFIELD\Desktop\main_board\main_board\main.SchDoc with Cap Semi from Miscellaneous Devices.IntLib
Replace Part C4 Cap Semi in C:\Users\ALEX.DON.SCOFIELD\Desktop\main_board\main_board\main.SchDoc with Cap Semi from Miscellaneous Devices.IntLib
Replace Part C5 Cap Semi in C:\Users\ALEX.DON.SCOFIELD\Desktop\main_board\main_board\main.SchDoc with Cap Semi from Miscellaneous Devices.IntLib
Replace Part C6 Cap Semi in C:\Users\ALEX.DON.SCOFIELD\Desktop\main_board\main_board\main.SchDoc with Cap Semi from Miscellaneous Devices.IntLib
Replace Part C7 Cap Semi in C:\Users\ALEX.DON.SCOFIELD\Desktop\main_board\main_board\main.SchDoc with Cap Semi from Miscellaneous Devices.IntLib
Replace Part C8 Cap Semi in C:\Users\ALEX.DON.SCOFIELD\Desktop\main_board\main_board\main.SchDoc with Cap Semi from Miscellaneous Devices.IntLib
Replace Part C9 Cap Semi in C:\Users\ALEX.DON.SCOFIELD\Desktop\main_board\main_board\main.SchDoc with Cap Semi from Miscellaneous Devices.IntLib
Replace Part C10 Cap Semi in C:\Users\ALEX.DON.SCOFIELD\Desktop\main_board\main_board\main.SchDoc with Cap Semi from Miscellaneous Devices.IntLib
Replace Part C11 Cap Semi in C:\Users\ALEX.DON.SCOFIELD\Desktop\main_board\main_board\main.SchDoc with Cap Semi from Miscellaneous Devices.IntLib
Replace Part C12 Cap Semi in C:\Users\ALEX.DON.SCOFIELD\Desktop\main_board\main_board\main.SchDoc with Cap Semi from Miscellaneous Devices.IntLib
Replace Part C13 Cap Semi in C:\Users\ALEX.DON.SCOFIELD\Desktop\main_board\main_board\main.SchDoc with Cap Semi from Miscellaneous Devices.IntLib
Replace Part C14 Cap Semi in C:\Users\ALEX.DON.SCOFIELD\Desktop\main_board\main_board\main.SchDoc with Cap Semi from Miscellaneous Devices.IntLib
Replace Part C15 Cap Semi in C:\Users\ALEX.DON.SCOFIELD\Desktop\main_board\main_board\main.SchDoc with Cap Semi from Miscellaneous Devices.IntLib
Replace Part C16 Cap Semi in C:\Users\ALEX.DON.SCOFIELD\Desktop\main_board\main_board\main.SchDoc with Cap Semi from Miscellaneous Devices.IntLib
Replace Part D0 Diode in C:\Users\ALEX.DON.SCOFIELD\Desktop\main_board\main_board\main.SchDoc with Diode from Miscellaneous Devices.IntLib
Replace Part D2 LED3 in C:\Users\ALEX.DON.SCOFIELD\Desktop\main_board\main_board\main.SchDoc with LED3 from Miscellaneous Devices.IntLib
Replace Part LM1117-3.3 LM1117 in C:\Users\ALEX.DON.SCOFIELD\Desktop\main_board\main_board\main.SchDoc with LM1117 from MOS_H.IntLib
Replace Part LM1117-5 LM1117 in C:\Users\ALEX.DON.SCOFIELD\Desktop\main_board\main_board\main.SchDoc with LM1117 from MOS_H.IntLib
Replace Part P1 Header 3X2 in C:\Users\ALEX.DON.SCOFIELD\Desktop\main_board\main_board\main.SchDoc with Header 3X2 from Miscellaneous Connectors.IntLib
Replace Part P2 USB in C:\Users\ALEX.DON.SCOFIELD\Desktop\main_board\main_board\main.SchDoc with USB from mcu_board.IntLib
Replace Part R1 Res2 in C:\Users\ALEX.DON.SCOFIELD\Desktop\main_board\main_board\main.SchDoc with Res2 from Miscellaneous Devices.IntLib
Replace Part R10 Res2 in C:\Users\ALEX.DON.SCOFIELD\Desktop\main_board\main_board\main.SchDoc with Res2 from Miscellaneous Devices.IntLib
Replace Part R11 Res2 in C:\Users\ALEX.DON.SCOFIELD\Desktop\main_board\main_board\main.SchDoc with Res2 from Miscellaneous Devices.IntLib
Replace Part R12 Res2 in C:\Users\ALEX.DON.SCOFIELD\Desktop\main_board\main_board\main.SchDoc with Res2 from Miscellaneous Devices.IntLib
Replace Part R13 Res2 in C:\Users\ALEX.DON.SCOFIELD\Desktop\main_board\main_board\main.SchDoc with Res2 from Miscellaneous Devices.IntLib
Replace Part R14 Res2 in C:\Users\ALEX.DON.SCOFIELD\Desktop\main_board\main_board\main.SchDoc with Res2 from Miscellaneous Devices.IntLib
Replace Part R15 Res2 in C:\Users\ALEX.DON.SCOFIELD\Desktop\main_board\main_board\main.SchDoc with Res2 from Miscellaneous Devices.IntLib
Replace Part R16 Res2 in C:\Users\ALEX.DON.SCOFIELD\Desktop\main_board\main_board\main.SchDoc with Res2 from Miscellaneous Devices.IntLib
Replace Part R17 Res2 in C:\Users\ALEX.DON.SCOFIELD\Desktop\main_board\main_board\main.SchDoc with Res2 from Miscellaneous Devices.IntLib
Replace Part R18 Res2 in C:\Users\ALEX.DON.SCOFIELD\Desktop\main_board\main_board\main.SchDoc with Res2 from Miscellaneous Devices.IntLib
Replace Part R19 Res2 in C:\Users\ALEX.DON.SCOFIELD\Desktop\main_board\main_board\main.SchDoc with Res2 from Miscellaneous Devices.IntLib
Replace Part R20 Res2 in C:\Users\ALEX.DON.SCOFIELD\Desktop\main_board\main_board\main.SchDoc with Res2 from Miscellaneous Devices.IntLib
Replace Part S1 SW SPDT in C:\Users\ALEX.DON.SCOFIELD\Desktop\main_board\main_board\main.SchDoc with SW SPDT from MOS_H.IntLib
Replace Part S2 SW-PB_1 in C:\Users\ALEX.DON.SCOFIELD\Desktop\main_board\main_board\main.SchDoc with SW-PB_1 from mcu_board.IntLib
Replace Part U1 74lvc245 in C:\Users\ALEX.DON.SCOFIELD\Desktop\main_board\main_board\main.SchDoc with 74lvc245 from MOS_H.IntLib
Replace Part U2 STM32F407ZET6 in C:\Users\ALEX.DON.SCOFIELD\Desktop\main_board\main_board\main.SchDoc with STM32F407ZET6 from STMicroelectronics STM32 F4.IntLib
Replace Part U2 STM32F407ZET6 in C:\Users\ALEX.DON.SCOFIELD\Desktop\main_board\main_board\main.SchDoc with STM32F407ZET6 from STMicroelectronics STM32 F4.IntLib
Replace Part U2 STM32F407ZET6 in C:\Users\ALEX.DON.SCOFIELD\Desktop\main_board\main_board\main.SchDoc with STM32F407ZET6 from STMicroelectronics STM32 F4.IntLib
Replace Part XTAL1 XTAL in C:\Users\ALEX.DON.SCOFIELD\Desktop\main_board\main_board\main.SchDoc with XTAL from mcu_board.IntLib
