Replace Part D3 LED3 in C:\Users\ALEX.DON.SCOFIELD\Desktop\main_board\main_board\other.SchDoc with LED3 from Miscellaneous Devices.IntLib
Replace Part D4 LED3 in C:\Users\ALEX.DON.SCOFIELD\Desktop\main_board\main_board\other.SchDoc with LED3 from Miscellaneous Devices.IntLib
Replace Part D5 LED3 in C:\Users\ALEX.DON.SCOFIELD\Desktop\main_board\main_board\other.SchDoc with LED3 from Miscellaneous Devices.IntLib
Replace Part D6 LED3 in C:\Users\ALEX.DON.SCOFIELD\Desktop\main_board\main_board\other.SchDoc with LED3 from Miscellaneous Devices.IntLib
Replace Part P3 JTAG in C:\Users\ALEX.DON.SCOFIELD\Desktop\main_board\main_board\other.SchDoc with JTAG from mcu_board.IntLib
Replace Part P4 Header 5 in C:\Users\ALEX.DON.SCOFIELD\Desktop\main_board\main_board\other.SchDoc with Header 5 from Miscellaneous Connectors.IntLib
Replace Part P5 Header 3 in C:\Users\ALEX.DON.SCOFIELD\Desktop\main_board\main_board\other.SchDoc with Header 3 from Miscellaneous Connectors.IntLib
Replace Part R19 Res2 in C:\Users\ALEX.DON.SCOFIELD\Desktop\main_board\main_board\other.SchDoc with Res2 from Miscellaneous Devices.IntLib
Replace Part R20 Res2 in C:\Users\ALEX.DON.SCOFIELD\Desktop\main_board\main_board\other.SchDoc with Res2 from Miscellaneous Devices.IntLib
Replace Part R21 Res2 in C:\Users\ALEX.DON.SCOFIELD\Desktop\main_board\main_board\other.SchDoc with Res2 from Miscellaneous Devices.IntLib
Replace Part R22 Res2 in C:\Users\ALEX.DON.SCOFIELD\Desktop\main_board\main_board\other.SchDoc with Res2 from Miscellaneous Devices.IntLib
Replace Part R23 Res2 in C:\Users\ALEX.DON.SCOFIELD\Desktop\main_board\main_board\other.SchDoc with Res2 from Miscellaneous Devices.IntLib
Replace Part R24 Res2 in C:\Users\ALEX.DON.SCOFIELD\Desktop\main_board\main_board\other.SchDoc with Res2 from Miscellaneous Devices.IntLib
Replace Part R25 Res2 in C:\Users\ALEX.DON.SCOFIELD\Desktop\main_board\main_board\other.SchDoc with Res2 from Miscellaneous Devices.IntLib
Replace Part R26 Res2 in C:\Users\ALEX.DON.SCOFIELD\Desktop\main_board\main_board\other.SchDoc with Res2 from Miscellaneous Devices.IntLib
Replace Part R27 Res2 in C:\Users\ALEX.DON.SCOFIELD\Desktop\main_board\main_board\other.SchDoc with Res2 from Miscellaneous Devices.IntLib
Replace Part S3 SW-PB_1 in C:\Users\ALEX.DON.SCOFIELD\Desktop\main_board\main_board\other.SchDoc with SW-PB_1 from mcu_board.IntLib
Replace Part S4 SW-PB_1 in C:\Users\ALEX.DON.SCOFIELD\Desktop\main_board\main_board\other.SchDoc with SW-PB_1 from mcu_board.IntLib
Replace Part S5 SW-PB_1 in C:\Users\ALEX.DON.SCOFIELD\Desktop\main_board\main_board\other.SchDoc with SW-PB_1 from mcu_board.IntLib
Replace Part S6 SW-PB_1 in C:\Users\ALEX.DON.SCOFIELD\Desktop\main_board\main_board\other.SchDoc with SW-PB_1 from mcu_board.IntLib
